
java.net.ConnectException: Connection refused: connect
	at java.net.DualStackPlainSocketImpl.connect0(Native Method) ~[na:1.8.0_121]
	at java.net.DualStackPlainSocketImpl.socketConnect(DualStackPlainSocketImpl.java:79) ~[na:1.8.0_121]
	at java.net.AbstractPlainSocketImpl.doConnect(AbstractPlainSocketImpl.java:350) ~[na:1.8.0_121]
	at java.net.AbstractPlainSocketImpl.connectToAddress(AbstractPlainSocketImpl.java:206) ~[na:1.8.0_121]
	at java.net.AbstractPlainSocketImpl.connect(AbstractPlainSocketImpl.java:188) ~[na:1.8.0_121]
	at java.net.PlainSocketImpl.connect(PlainSocketImpl.java:172) ~[na:1.8.0_121]
	at java.net.SocksSocketImpl.connect(SocksSocketImpl.java:392) ~[na:1.8.0_121]
	at java.net.Socket.connect(Socket.java:589) ~[na:1.8.0_121]
	at java.net.Socket.connect(Socket.java:538) ~[na:1.8.0_121]
	at sun.net.NetworkClient.doConnect(NetworkClient.java:180) ~[na:1.8.0_121]
	at sun.net.www.http.HttpClient.openServer(HttpClient.java:432) ~[na:1.8.0_121]
	at sun.net.www.http.HttpClient.openServer(HttpClient.java:527) ~[na:1.8.0_121]
	at sun.net.www.http.HttpClient.<init>(HttpClient.java:211) ~[na:1.8.0_121]
	at sun.net.www.http.HttpClient.New(HttpClient.java:308) ~[na:1.8.0_121]
	at sun.net.www.http.HttpClient.New(HttpClient.java:326) ~[na:1.8.0_121]
	at sun.net.www.protocol.http.HttpURLConnection.getNewHttpClient(HttpURLConnection.java:1202) ~[na:1.8.0_121]
	at sun.net.www.protocol.http.HttpURLConnection.plainConnect0(HttpURLConnection.java:1138) ~[na:1.8.0_121]
	at sun.net.www.protocol.http.HttpURLConnection.plainConnect(HttpURLConnection.java:1032) ~[na:1.8.0_121]
	at sun.net.www.protocol.http.HttpURLConnection.connect(HttpURLConnection.java:966) ~[na:1.8.0_121]
	at org.springframework.http.client.SimpleBufferingClientHttpRequest.executeInternal(SimpleBufferingClientHttpRequest.java:78) ~[spring-web-4.3.16.RELEASE.jar:4.3.16.RELEASE]
	at org.springframework.http.client.AbstractBufferingClientHttpRequest.executeInternal(AbstractBufferingClientHttpRequest.java:48) ~[spring-web-4.3.16.RELEASE.jar:4.3.16.RELEASE]
	at org.springframework.http.client.AbstractClientHttpRequest.execute(AbstractClientHttpRequest.java:53) ~[spring-web-4.3.16.RELEASE.jar:4.3.16.RELEASE]
	at org.springframework.http.client.InterceptingClientHttpRequest$InterceptingRequestExecution.execute(InterceptingClientHttpRequest.java:112) ~[spring-web-4.3.16.RELEASE.jar:4.3.16.RELEASE]
	at org.springframework.cloud.netflix.metrics.MetricsClientHttpRequestInterceptor.intercept(MetricsClientHttpRequestInterceptor.java:64) ~[spring-cloud-netflix-core-1.4.4.RELEASE.jar:1.4.4.RELEASE]
	at org.springframework.http.client.InterceptingClientHttpRequest$InterceptingRequestExecution.execute(InterceptingClientHttpRequest.java:88) ~[spring-web-4.3.16.RELEASE.jar:4.3.16.RELEASE]
	at org.springframework.http.client.InterceptingClientHttpRequest.executeInternal(InterceptingClientHttpRequest.java:72) ~[spring-web-4.3.16.RELEASE.jar:4.3.16.RELEASE]
	at org.springframework.http.client.AbstractBufferingClientHttpRequest.executeInternal(AbstractBufferingClientHttpRequest.java:48) ~[spring-web-4.3.16.RELEASE.jar:4.3.16.RELEASE]
	at org.springframework.http.client.AbstractClientHttpRequest.execute(AbstractClientHttpRequest.java:53) ~[spring-web-4.3.16.RELEASE.jar:4.3.16.RELEASE]
	at org.springframework.web.client.RestTemplate.doExecute(RestTemplate.java:660) ~[spring-web-4.3.16.RELEASE.jar:4.3.16.RELEASE]
	at org.springframework.web.client.RestTemplate.execute(RestTemplate.java:636) ~[spring-web-4.3.16.RELEASE.jar:4.3.16.RELEASE]
	at org.springframework.web.client.RestTemplate.exchange(RestTemplate.java:557) ~[spring-web-4.3.16.RELEASE.jar:4.3.16.RELEASE]
	at org.springframework.web.client.RestTemplate$$FastClassBySpringCGLIB$$aa4e9ed0.invoke(<generated>) ~[spring-web-4.3.16.RELEASE.jar:4.3.16.RELEASE]
	at org.springframework.cglib.proxy.MethodProxy.invoke(MethodProxy.java:204) ~[spring-core-4.3.16.RELEASE.jar:4.3.16.RELEASE]
	at org.springframework.aop.framework.CglibAopProxy$CglibMethodInvocation.invokeJoinpoint(CglibAopProxy.java:738) ~[spring-aop-4.3.16.RELEASE.jar:4.3.16.RELEASE]
	at org.springframework.aop.framework.ReflectiveMethodInvocation.proceed(ReflectiveMethodInvocation.java:157) ~[spring-aop-4.3.16.RELEASE.jar:4.3.16.RELEASE]
	at org.springframework.aop.interceptor.ExposeInvocationInterceptor.invoke(ExposeInvocationInterceptor.java:92) ~[spring-aop-4.3.16.RELEASE.jar:4.3.16.RELEASE]
	at org.springframework.aop.framework.ReflectiveMethodInvocation.proceed(ReflectiveMethodInvocation.java:179) ~[spring-aop-4.3.16.RELEASE.jar:4.3.16.RELEASE]
	at org.springframework.aop.framework.CglibAopProxy$DynamicAdvisedInterceptor.intercept(CglibAopProxy.java:673) ~[spring-aop-4.3.16.RELEASE.jar:4.3.16.RELEASE]
	at org.springframework.web.client.RestTemplate$$EnhancerBySpringCGLIB$$9f993b7a.exchange(<generated>) ~[spring-web-4.3.16.RELEASE.jar:4.3.16.RELEASE]
	at org.springframework.integration.http.outbound.HttpRequestExecutingMessageHandler.handleRequestMessage(HttpRequestExecutingMessageHandler.java:399) ~[spring-integration-http-4.3.15.RELEASE.jar:4.3.15.RELEASE]
	at org.springframework.integration.handler.AbstractReplyProducingMessageHandler.handleMessageInternal(AbstractReplyProducingMessageHandler.java:109) ~[spring-integration-core-4.3.15.RELEASE.jar:4.3.15.RELEASE]
	at org.springframework.integration.handler.AbstractMessageHandler.handleMessage(AbstractMessageHandler.java:127) ~[spring-integration-core-4.3.15.RELEASE.jar:4.3.15.RELEASE]
	at org.springframework.integration.dispatcher.AbstractDispatcher.tryOptimizedDispatch(AbstractDispatcher.java:116) ~[spring-integration-core-4.3.15.RELEASE.jar:4.3.15.RELEASE]
	at org.springframework.integration.dispatcher.UnicastingDispatcher.doDispatch(UnicastingDispatcher.java:148) ~[spring-integration-core-4.3.15.RELEASE.jar:4.3.15.RELEASE]
	at org.springframework.integration.dispatcher.UnicastingDispatcher.dispatch(UnicastingDispatcher.java:121) ~[spring-integration-core-4.3.15.RELEASE.jar:4.3.15.RELEASE]
	at org.springframework.integration.channel.AbstractSubscribableChannel.doSend(AbstractSubscribableChannel.java:89) ~[spring-integration-core-4.3.15.RELEASE.jar:4.3.15.RELEASE]
	at org.springframework.integration.channel.AbstractMessageChannel.send(AbstractMessageChannel.java:425) ~[spring-integration-core-4.3.15.RELEASE.jar:4.3.15.RELEASE]
	at org.springframework.integration.channel.AbstractMessageChannel.send(AbstractMessageChannel.java:375) ~[spring-integration-core-4.3.15.RELEASE.jar:4.3.15.RELEASE]
	at org.springframework.messaging.core.GenericMessagingTemplate.doSend(GenericMessagingTemplate.java:115) ~[spring-messaging-4.3.16.RELEASE.jar:4.3.16.RELEASE]
	at org.springframework.messaging.core.GenericMessagingTemplate.doSendAndReceive(GenericMessagingTemplate.java:150) ~[spring-messaging-4.3.16.RELEASE.jar:4.3.16.RELEASE]
	at org.springframework.messaging.core.GenericMessagingTemplate.doSendAndReceive(GenericMessagingTemplate.java:45) ~[spring-messaging-4.3.16.RELEASE.jar:4.3.16.RELEASE]
	at org.springframework.messaging.core.AbstractMessagingTemplate.sendAndReceive(AbstractMessagingTemplate.java:42) ~[spring-messaging-4.3.16.RELEASE.jar:4.3.16.RELEASE]
	at org.springframework.integration.core.MessagingTemplate.sendAndReceive(MessagingTemplate.java:97) ~[spring-integration-core-4.3.15.RELEASE.jar:4.3.15.RELEASE]
	at org.springframework.integration.core.MessagingTemplate.sendAndReceive(MessagingTemplate.java:38) ~[spring-integration-core-4.3.15.RELEASE.jar:4.3.15.RELEASE]
	at org.springframework.messaging.core.AbstractMessagingTemplate.convertSendAndReceive(AbstractMessagingTemplate.java:79) ~[spring-messaging-4.3.16.RELEASE.jar:4.3.16.RELEASE]
	at org.springframework.messaging.core.AbstractMessagingTemplate.convertSendAndReceive(AbstractMessagingTemplate.java:70) ~[spring-messaging-4.3.16.RELEASE.jar:4.3.16.RELEASE]
	at org.springframework.integration.gateway.MessagingGatewaySupport.doSendAndReceive(MessagingGatewaySupport.java:449) ~[spring-integration-core-4.3.15.RELEASE.jar:4.3.15.RELEASE]
	at org.springframework.integration.gateway.MessagingGatewaySupport.sendAndReceive(MessagingGatewaySupport.java:422) ~[spring-integration-core-4.3.15.RELEASE.jar:4.3.15.RELEASE]
	at org.springframework.integration.gateway.GatewayProxyFactoryBean.invokeGatewayMethod(GatewayProxyFactoryBean.java:478) ~[spring-integration-core-4.3.15.RELEASE.jar:4.3.15.RELEASE]
	at org.springframework.integration.gateway.GatewayProxyFactoryBean.doInvoke(GatewayProxyFactoryBean.java:433) ~[spring-integration-core-4.3.15.RELEASE.jar:4.3.15.RELEASE]
	at org.springframework.integration.gateway.GatewayProxyFactoryBean.invoke(GatewayProxyFactoryBean.java:424) ~[spring-integration-core-4.3.15.RELEASE.jar:4.3.15.RELEASE]
	at org.springframework.integration.gateway.GatewayCompletableFutureProxyFactoryBean.invoke(GatewayCompletableFutureProxyFactoryBean.java:65) ~[spring-integration-core-4.3.15.RELEASE.jar:4.3.15.RELEASE]
	at org.springframework.aop.framework.ReflectiveMethodInvocation.proceed(ReflectiveMethodInvocation.java:179) ~[spring-aop-4.3.16.RELEASE.jar:4.3.16.RELEASE]
	at org.springframework.aop.framework.JdkDynamicAopProxy.invoke(JdkDynamicAopProxy.java:213) ~[spring-aop-4.3.16.RELEASE.jar:4.3.16.RELEASE]
	at com.sun.proxy.$Proxy89.getMessage(Unknown Source) ~[na:na]
	at com.demo.integrationservice.HystrixIntegrationApplication.sendViaGateway(HystrixIntegrationApplication.java:35) ~[classes/:na]